180222 15:05:31 [Note] Plugin 'FEDERATED' is disabled.
180222 15:05:31 InnoDB: The InnoDB memory heap is disabled
180222 15:05:31 InnoDB: Mutexes and rw_locks use Windows interlocked functions
180222 15:05:31 InnoDB: Compressed tables use zlib 1.2.3
180222 15:05:32 InnoDB: Initializing buffer pool, size = 128.0M
180222 15:05:32 InnoDB: Completed initialization of buffer pool
180222 15:05:32 InnoDB: highest supported file format is Barracuda.
InnoDB: The log sequence number in ibdata files does not match
InnoDB: the log sequence number in the ib_logfiles!
180222 15:05:32  InnoDB: Database was not shut down normally!
InnoDB: Starting crash recovery.
InnoDB: Reading tablespace information from the .ibd files...
InnoDB: Restoring possible half-written data pages from the doublewrite
InnoDB: buffer...
180222 15:05:33  InnoDB: Waiting for the background threads to start
180222 15:05:34 InnoDB: 1.1.8 started; log sequence number 1629406
180222 15:05:34 [Note] Server hostname (bind-address): '127.0.0.1'; port: 3306
180222 15:05:34 [Note]   - '127.0.0.1' resolves to '127.0.0.1';
180222 15:05:34 [Note] Server socket created on IP: '127.0.0.1'.
180222 15:05:35 [Note] Event Scheduler: Loaded 0 events
180222 15:05:35 [Note] \usr\local\mysql-5.5\bin\mysqld.exe: ready for connections.
Version: '5.5.25'  socket: ''  port: 3306  MySQL Community Server (GPL)
